Could not find orun.cfg, trying to load default.cfg
SystemManager::setup
Opened config file: default.cfg
Opened config file: system/desktop.cfg
Service added: MouseService
Service added: KeyboardService
Service added: ViewRayService
Total display resolution: 854 480
ServiceManager::initialize
Event buffer allocated. Max events: 1024
PythonInterpreter: starting interactive shell thread.
omegaPythonApiInit()
Python Interpreter initialized.
Initializing mission control server...
[EQ] ConfigImpl::ConfigImpl
:: Equalizer display system startup ::
[EQ] ConfigImpl::init
[EQ] NodeImpl::NodeImpl
[EQ] NodeImpl::configInit 31ac9184dbaa7693:b5c5b28efc72ab0d
NodeImpl::configInit - registering shared data object...
[EQ] ConfigImpl::mapSharedData
Initializing 1 observer(s).
:: Equalizer initialization DONE ::
Camera controller: keyboardmouse
@Renderer::Initialize: id = 0
:: Equalizer display system startup DONE ::
!!! EventSharingModule::share: server not initialized yet. Ignoring call.
omegaToolkitPythonApiInit()
cyclopsPythonApiInit()
SceneManager configuration loaded
::    Shadow mode: softshadows
:: Shadow quality: 5
::  Default scene: 
SceneManager::initialize: no scene loaded. Initializing empty scene.
SceneManager::initShading: Shadow map size = (512x512)
Image loaded: demos/common/brightday1/posx.png. Size: 512x512
Image loaded: demos/common/brightday1/negx.png. Size: 512x512
Image loaded: demos/common/brightday1/negy.png. Size: 512x512
Image loaded: demos/common/brightday1/posy.png. Size: 512x512
Image loaded: demos/common/brightday1/posz.png. Size: 512x512
Image loaded: demos/common/brightday1/negz.png. Size: 512x512
&OsgRenderable center: 0 0 0, size: 35.3553
Loading model demos/showcase/data/walker/walker.fbx
&OsgRenderable center: 0 1.90073 0.139594, size: 2.5
Renderer(0): adding render pass OsgRenderPass
Soft shadow shaders enabled
Environment cube map shaders enabled
[EQ] NodeImpl::configExit
