omegalib data search paths:
::: D:\Workspace\omegalib\devbuild-win32
::: D:/Workspace/omegalib/apps
::: D:/Workspace/omegalib/trunk/data
omegalib application config lookup:
::: trying runOmega/runOmega.cfg
::: not found, trying runOmega.cfg
::: not found, trying default.cfg
::: found config: default.cfg
>>>>>>>>>>>>>>>>>>>>>>>>>>>>>>>>>>>>>>>>>>>>>>>>>>>>>>>>>>>>>>>>>>>>>>>>>>>>>>>> OMEGALIB BOOT
SystemManager::setup
Opened config file: default.cfg
Opened config file: system/desktop.cfg
Service added: MouseService
Service added: KeyboardService
Service added: ViewRayService
SystemManager::setupDisplaySystem: type = Equalizer
Bezel size: 0 0
canvas pixel size: 854 480
ServiceManager::initialize
Event buffer allocated. Max events: 1024
SharedDataServices::registerObject: queuing interp for registration
PythonInterpreter::addPythonPath: ./
PythonInterpreter::addPythonPath: D:/Workspace/omegalib/apps
PythonInterpreter: starting interactive shell thread.
omegaPythonApiInit()
Python Interpreter initialized.
Initializing mission control server...
MissionControlServer: adding log listener
<<<<<<<<<<<<<<<<<<<<<<<<<<<<<<<<<<<<<<<<<<<<<<<<<<<<<<<<<<<<<<<<<<<<<<<<<<<<<<<< OMEGALIB BOOT


>>>>>>>>>>>>>>>>>>>>>>>>>>>>>>>>>>>>>>>>>>>>>>>>>>>>>>>>>>>>>>>>>>>>>>>>>>>>>>>> DISPLAY INITIALIZATION
[EQ] ConfigImpl::ConfigImpl
[EQ] ConfigImpl::init
Console: adding log listener
Camera controller: keyboardmouse
[EQ] NodeImpl::NodeImpl
[EQ] NodeImpl::configInit 204d0f91b7f1d67:ba94d94480d5690e
@Renderer::Initialize: id = 0
<<<<<<<<<<<<<<<<<<<<<<<<<<<<<<<<<<<<<<<<<<<<<<<<<<<<<<<<<<<<<<<<<<<<<<<<<<<<<<<< DISPLAY INITIALIZATION


>>>>>>>>>>>>>>>>>>>>>>>>>>>>>>>>>>>>>>>>>>>>>>>>>>>>>>>>>>>>>>>>>>>>>>>>>>>>>>>> APPLICATION LOOP
omegaToolkitPythonApiInit()
cyclopsPythonApiInit()
---------------------------------------------------------------------
Welcome to orun!
	omegalib version 3.2.1
	To get a list of quick commands type :?
	Type :? . to list all global symbols
	Type :? C to list all members of class or variable `C`
		example :? SceneNode
	Type :? ./C [prefix] to list global symbols or object members starting with `prefix`
		example :? . si
		example :? SceneNode set
SceneManager configuration loaded
::    Shadows enabled: 0
:: Shadow resolution ratio: 1
Image loaded: D:/Workspace/omegalib/trunk/data/cyclops/common/defaultTexture.png. Size: 32x32
Recompiling shaders (variation: .0)
Renderer(0): adding render pass OsgRenderPass
ModelLoaderThread: start
Loading shader: cyclops/common/Textured.vert
Loading shader: cyclops/common/Textured-emissive.frag
Image loaded: D:/Workspace/omegalib/trunk/data/cyclops/test/omega-transparent.png. Size: 500x500
TcpConnection::doHandleConnected
TcpConnection::handleConnected (id=1)
Mission control connection open (id=1)
Actor
AnimatedObject
BoxShape
Button
Camera
Circle
Color
Container
Container3dSettings
ContainerLayout
DrawInterface
Entity
Event
EventExtraDataType
EventFlags
EventType
Font
Geometry
Image
Label
Light
Line2
Line3
LineSegment2
LineSegment3
Matrix3
Matrix4
Menu
MenuItem
MenuItemType
MenuManager
ModelInfo
Node
PixelData
Plane
PlaneShape
Point2
Point3
PortholeService
Quaternion
Ray2
Ray3
SceneLoader
SceneManager
SceneNode
ServiceType
Setting
ShadowSettings
Skybox
Slider
Sound
SoundEnvironment
SoundInstance
Sphere
SphereShape
StaticObject
TextAlign
Texture2D
ToolkitUtils
UiModule
Vector2
Vector3
Widget
WidgetFactory
WidgetLayer
addDataPath
addSelectionListener
addVisibilityListener
box
getCamera
getCameraById
getDefaultCamera
getEngine
getEvent
getOrCreateCamera
getRayFromEvent
getScene
getSceneManager
getSoundEnvironment
isMaster
isSoundEnabled
loadImage
math
oexit
ofindFile
ogetdataprefix
onUpdate
operator
orun
osetdataprefix
overridePanopticStereo
printChildren
printDataPaths
printObjCounts
querySceneRay
queueCommand
resetDataPaths
setDrawFunction
setEventFunction
setUpdateFunction
settingExists
settingLookup
toggleStats
toggleStereo
types
x
Traceback (most recent call last):
  File "<string>", line 1, in <module>
NameError: name 'b' is not defined
box
Loading shader: cyclops/common/Colored.vert
Loading shader: cyclops/common/Colored.frag
Active lights changed (was 0, is 1)
Recompiling shaders (variation: .1)
Loading shader: cyclops/common/Colored.vert
Loading shader: cyclops/common/Colored.frag
Loading shader: cyclops/common/Textured.vert
Loading shader: cyclops/common/Textured-emissive.frag
<<<<<<<<<<<<<<<<<<<<<<<<<<<<<<<<<<<<<<<<<<<<<<<<<<<<<<<<<<<<<<<<<<<<<<<<<<<<<<<< APPLICATION LOOP


>>>>>>>>>>>>>>>>>>>>>>>>>>>>>>>>>>>>>>>>>>>>>>>>>>>>>>>>>>>>>>>>>>>>>>>>>>>>>>>> OMEGALIB SHUTDOWN
MissionControlServer: removing log listener
~PythonInterpreter
Engine::dispose
ModuleServices::disposeAll
EventSharingModule::dispose
Engine: removing render pass OsgRenderPass
~SceneView
~RenderPass OsgRenderPass
ModelLoaderThread: shutdown
SceneManager::unload: emptying load queue (0 queued items)
SceneManager::unload: releasing 0 models
SceneManager::unload: releasing 1 lights
~Node: Unnamed_3
SceneManager::unload: releasing 1 objects
SceneManager::unload: releasing 2 programs
SceneManager::unload: releasing 2 programs
~EngineModule Module_1
~EngineModule EventSharingModule
~EngineModule Module_2
~OsgModule
~EngineModule OsgModule
~EngineModule SceneManager
~Node: root
Engine::dispose: cleaning up 0 cameras
~Node: Unnamed_1
~Engine
~Console: removing log listener
<<<<<<<<<<<<<<<<<<<<<<<<<<<<<<<<<<<<<<<<<<<<<<<<<<<<<<<<<<<<<<<<<<<<<<<<<<<<<<<< OMEGALIB SHUTDOWN


===================== ReferenceType object leaks follow:
class omega::Pointer: 4
class cyclops::BoxShape: 1
class omegaOsg::OsgSceneObject: 1
