omegalib data search paths:
::: D:\Workspace\omegalib\devbuild-win32\examples
::: ../
::: D:/Workspace/omegalib/trunk/data
omegalib application config lookup:
::: trying orun/orun.cfg
::: not found, trying orun.cfg
::: not found, trying default.cfg
::: found config: default.cfg
>>>>>>>>>>>>>>>>>>>>>>>>>>>>>>>>>>>>>>>>>>>>>>>>>>>>>>>>>>>>>>>>>>>>>>>>>>>>>>>> OMEGALIB BOOT
SystemManager::setup
Opened config file: default.cfg
Opened config file: system/desktop.cfg
Service added: MouseService
Service added: KeyboardService
Service added: ViewRayService
SystemManager::setupDisplaySystem: type = Equalizer
Bezel size: 0 0
canvas pixel size: 854 480
ServiceManager::initialize
Event buffer allocated. Max events: 1024
SharedDataServices::registerObject: queuing interp for registration
PythonInterpreter::initialize: found local python library in ../python
PythonInterpreter::addPythonPath: ./
PythonInterpreter::addPythonPath: D:/Workspace/omegalib/apps
PythonInterpreter: starting interactive shell thread.
omegaPythonApiInit()
Python Interpreter initialized.
Initializing mission control server...
MissionControlServer: adding log listener
<<<<<<<<<<<<<<<<<<<<<<<<<<<<<<<<<<<<<<<<<<<<<<<<<<<<<<<<<<<<<<<<<<<<<<<<<<<<<<<< OMEGALIB BOOT


>>>>>>>>>>>>>>>>>>>>>>>>>>>>>>>>>>>>>>>>>>>>>>>>>>>>>>>>>>>>>>>>>>>>>>>>>>>>>>>> DISPLAY INITIALIZATION
[EQ] ConfigImpl::ConfigImpl
[EQ] ConfigImpl::init
Console: adding log listener
Camera controller: keyboardmouse
[EQ] NodeImpl::NodeImpl
[EQ] NodeImpl::configInit 2d381e0426a294e6:ca72ce9ce64f876b
@Renderer::Initialize: id = 0
<<<<<<<<<<<<<<<<<<<<<<<<<<<<<<<<<<<<<<<<<<<<<<<<<<<<<<<<<<<<<<<<<<<<<<<<<<<<<<<< DISPLAY INITIALIZATION


>>>>>>>>>>>>>>>>>>>>>>>>>>>>>>>>>>>>>>>>>>>>>>>>>>>>>>>>>>>>>>>>>>>>>>>>>>>>>>>> APPLICATION LOOP
!!! EventSharingModule::share: server not initialized yet. Ignoring call.
omegaToolkitPythonApiInit()
cyclopsPythonApiInit()
---------------------------------------------------------------------
Welcome to orun!
	omegalib version 3.3-beta
	To get a list of quick commands type :?
	Type :? . to list all global symbols
	Type :? C to list all members of class or variable `C`
		example :? SceneNode
	Type :? ./C [prefix] to list global symbols or object members starting with `prefix`
		example :? . si
		example :? SceneNode set
SceneManager configuration loaded
::    Shadows enabled: 0
:: Shadow resolution ratio: 1
Image loaded: ../cyclops/common/defaultTexture.png. Size: 32x32
Recompiling shaders (variation: .0)
ModelLoaderThread: start
Renderer(0): adding render pass OsgRenderPass
Loading shader: cyclops/common/Textured.vert
Loading shader: cyclops/common/Textured-emissive.frag
Image loaded: ../cyclops/test/omega-transparent.png. Size: 500x500
<<<<<<<<<<<<<<<<<<<<<<<<<<<<<<<<<<<<<<<<<<<<<<<<<<<<<<<<<<<<<<<<<<<<<<<<<<<<<<<< APPLICATION LOOP


>>>>>>>>>>>>>>>>>>>>>>>>>>>>>>>>>>>>>>>>>>>>>>>>>>>>>>>>>>>>>>>>>>>>>>>>>>>>>>>> OMEGALIB SHUTDOWN
MissionControlServer: removing log listener
~PythonInterpreter
Engine::dispose
ModuleServices::disposeAll
EventSharingModule::dispose
Engine: removing render pass OsgRenderPass
~SceneView
~RenderPass OsgRenderPass
ModelLoaderThread: shutdown
SceneManager::unload: emptying load queue (0 queued items)
SceneManager::unload: releasing 0 models
SceneManager::unload: releasing 0 lights
SceneManager::unload: releasing 1 objects
SceneManager::unload: releasing 1 programs
SceneManager::unload: releasing 2 programs
~EngineModule Module_1
~EngineModule EventSharingModule
~EngineModule Module_2
~OsgModule
~EngineModule OsgModule
~EngineModule SceneManager
~Node: root
Engine::dispose: cleaning up 0 cameras
~Node: Unnamed_1
~Engine
~Console: removing log listener
<<<<<<<<<<<<<<<<<<<<<<<<<<<<<<<<<<<<<<<<<<<<<<<<<<<<<<<<<<<<<<<<<<<<<<<<<<<<<<<< OMEGALIB SHUTDOWN


===================== ReferenceType object leaks follow:
class cyclops::BoxShape: 1
class omegaOsg::OsgSceneObject: 1
